<?xml version="1.0" encoding="utf-8"?><testsuites name="pytest tests"><testsuite name="pytest" errors="0" failures="0" skipped="0" tests="7" time="0.017" timestamp="2026-01-21T06:44:23.900454+00:00" hostname="Mac"><testcase classname="spectrace.tests.test_example" name="test_login_success" time="0.001" /><testcase classname="spectrace.tests.test_example" name="test_login_with_mfa" time="0.000" /><testcase classname="spectrace.tests.test_example" name="test_login_failure" time="0.000" /><testcase classname="spectrace.tests.test_example.TestAuthentication" name="test_logout" time="0.000" /><testcase classname="spectrace.tests.test_example" name="test_data_processing[1]" time="0.000" /><testcase classname="spectrace.tests.test_example" name="test_data_processing[2]" time="0.000" /><testcase classname="spectrace.tests.test_example" name="test_data_processing[3]" time="0.000" /></testsuite></testsuites>