<?xml version="1.0" encoding="utf-8"?><testsuites name="pytest tests"><testsuite name="pytest" errors="0" failures="1" skipped="0" tests="9" time="0.018" timestamp="2026-01-21T21:25:30.640510+00:00" hostname="Mac"><testcase classname="spectrace.tests.test_example" name="test_login_success" time="0.001" /><testcase classname="spectrace.tests.test_example" name="test_login_with_mfa" time="0.000" /><testcase classname="spectrace.tests.test_example" name="test_login_failure" time="0.000" /><testcase classname="spectrace.tests.test_example.TestAuthentication" name="test_logout" time="0.000" /><testcase classname="spectrace.tests.test_example" name="test_data_processing[1]" time="0.000" /><testcase classname="spectrace.tests.test_example" name="test_data_processing[2]" time="0.000" /><testcase classname="spectrace.tests.test_example" name="test_data_processing[3]" time="0.000" /><testcase classname="spectrace.tests.test_example" name="test_data_import" time="0.000" /><testcase classname="spectrace.tests.test_example" name="test_data_import_validation" time="0.000"><failure message="AssertionError: Intentional failure for demo purposes&#10;assert False">E   AssertionError: Intentional failure for demo purposes
    assert False</failure></testcase></testsuite></testsuites>